<?xml version="1.0" encoding="UTF-8"?>
<!-- Generated by org.testng.reporters.JUnitReportReporter -->
<testsuite skipped="0" hostname="Lenovo" name="com.TestNg_Concepts.Priority_Concept" tests="4" failures="0" timestamp="2021-03-04T11:17:27 IST" time="0.140" errors="0">
  <testcase name="laptopSearch" time="0.067" classname="com.TestNg_Concepts.Priority_Concept"/>
  <testcase name="earphonesSearch" time="0.008" classname="com.TestNg_Concepts.Priority_Concept"/>
  <testcase name="mobileSearch" time="0.015" classname="com.TestNg_Concepts.Priority_Concept"/>
  <testcase name="bookSearch" time="0.050" classname="com.TestNg_Concepts.Priority_Concept"/>
</testsuite> <!-- com.TestNg_Concepts.Priority_Concept -->
