<?xml version="1.0" encoding="UTF-8"?>
<!-- Generated by org.testng.reporters.JUnitReportReporter -->
<testsuite skipped="0" hostname="Lenovo" name="com.TestNg_Concepts.Simple_Annotations" tests="2" failures="0" timestamp="2021-03-03T11:53:38 IST" time="0.144" errors="0">
  <testcase name="mobileSearch" time="0.027" classname="com.TestNg_Concepts.Simple_Annotations"/>
  <testcase name="laptopSearch" time="0.117" classname="com.TestNg_Concepts.Simple_Annotations"/>
</testsuite> <!-- com.TestNg_Concepts.Simple_Annotations -->
