<?xml version="1.0" encoding="UTF-8"?>
<!-- Generated by org.testng.reporters.JUnitReportReporter -->
<testsuite skipped="2" hostname="Lenovo" name="com.TestNg_Concepts.Ignore_Concept" tests="3" failures="0" timestamp="2021-03-04T11:08:43 IST" time="0.056" errors="0">
  <testcase name="mobileSearch" time="0.056" classname="com.TestNg_Concepts.Ignore_Concept"/>
  <testcase name="laptopSearch" classname="com.TestNg_Concepts.Ignore_Concept">
    <skipped/>
  </testcase> <!-- laptopSearch -->
  <testcase name="earphonesSearch" classname="com.TestNg_Concepts.Ignore_Concept">
    <skipped/>
  </testcase> <!-- earphonesSearch -->
</testsuite> <!-- com.TestNg_Concepts.Ignore_Concept -->
